<?xml version="1.0" encoding="UTF-8"?>
<testng-results ignored="0" total="1" passed="1" failed="0" skipped="0">
  <reporter-output>
  </reporter-output>
  <suite started-at="2022-08-31T19:34:49 IST" name="Default suite" finished-at="2022-08-31T19:35:29 IST" duration-ms="40748">
    <groups>
    </groups>
    <test started-at="2022-08-31T19:34:49 IST" name="Default test" finished-at="2022-08-31T19:35:29 IST" duration-ms="40748">
      <class name="com.qa.hrm.tests.TestRunner">
        <test-method signature="chromeTest()[pri:0, instance:com.qa.hrm.tests.TestRunner@4313f5bc]" started-at="2022-08-31T19:34:49 IST" name="chromeTest" finished-at="2022-08-31T19:35:29 IST" duration-ms="40723" status="PASS">
          <reporter-output>
          </reporter-output>
        </test-method> <!-- chromeTest -->
      </class> <!-- com.qa.hrm.tests.TestRunner -->
    </test> <!-- Default test -->
  </suite> <!-- Default suite -->
</testng-results>
