<?xml version="1.0" encoding="UTF-8"?>
<testng-results ignored="0" total="2" passed="2" failed="0" skipped="0">
  <reporter-output>
  </reporter-output>
  <suite started-at="2022-09-02T11:34:09 IST" name="Default suite" finished-at="2022-09-02T11:34:23 IST" duration-ms="14093">
    <groups>
    </groups>
    <test started-at="2022-09-02T11:34:09 IST" name="Default test" finished-at="2022-09-02T11:34:23 IST" duration-ms="14093">
      <class name="tests.TestScenario1">
        <test-method is-config="true" signature="suiteSetup()[pri:0, instance:tests.TestScenario1@6302bbb1]" started-at="2022-09-02T11:34:09 IST" name="suiteSetup" finished-at="2022-09-02T11:34:09 IST" duration-ms="21" status="PASS">
          <reporter-output>
          </reporter-output>
        </test-method> <!-- suiteSetup -->
        <test-method is-config="true" signature="testSetup()[pri:0, instance:tests.TestScenario1@6302bbb1]" started-at="2022-09-02T11:34:09 IST" name="testSetup" finished-at="2022-09-02T11:34:09 IST" duration-ms="0" status="PASS">
          <reporter-output>
          </reporter-output>
        </test-method> <!-- testSetup -->
        <test-method is-config="true" signature="classSetup()[pri:0, instance:tests.TestScenario1@6302bbb1]" started-at="2022-09-02T11:34:09 IST" name="classSetup" finished-at="2022-09-02T11:34:19 IST" duration-ms="10102" status="PASS">
          <reporter-output>
          </reporter-output>
        </test-method> <!-- classSetup -->
        <test-method signature="verifyUrl()[pri:0, instance:tests.TestScenario1@6302bbb1]" started-at="2022-09-02T11:34:19 IST" name="verifyUrl" finished-at="2022-09-02T11:34:22 IST" duration-ms="2982" status="PASS">
          <reporter-output>
          </reporter-output>
        </test-method> <!-- verifyUrl -->
        <test-method signature="verifyEnteredMessage()[pri:0, instance:tests.TestScenario1@6302bbb1]" started-at="2022-09-02T11:34:22 IST" name="verifyEnteredMessage" finished-at="2022-09-02T11:34:22 IST" depends-on-methods="tests.TestScenario1.verifyUrl" duration-ms="336" status="PASS">
          <reporter-output>
          </reporter-output>
        </test-method> <!-- verifyEnteredMessage -->
        <test-method is-config="true" signature="classTeardown()[pri:0, instance:tests.TestScenario1@6302bbb1]" started-at="2022-09-02T11:34:22 IST" name="classTeardown" finished-at="2022-09-02T11:34:23 IST" duration-ms="638" status="PASS">
          <reporter-output>
          </reporter-output>
        </test-method> <!-- classTeardown -->
        <test-method is-config="true" signature="testTeardown()[pri:0, instance:tests.TestScenario1@6302bbb1]" started-at="2022-09-02T11:34:23 IST" name="testTeardown" finished-at="2022-09-02T11:34:23 IST" duration-ms="0" status="PASS">
          <reporter-output>
          </reporter-output>
        </test-method> <!-- testTeardown -->
        <test-method is-config="true" signature="suiteTeardown()[pri:0, instance:tests.TestScenario1@6302bbb1]" started-at="2022-09-02T11:34:23 IST" name="suiteTeardown" finished-at="2022-09-02T11:34:23 IST" duration-ms="0" status="PASS">
          <reporter-output>
          </reporter-output>
        </test-method> <!-- suiteTeardown -->
      </class> <!-- tests.TestScenario1 -->
    </test> <!-- Default test -->
  </suite> <!-- Default suite -->
</testng-results>
